190418 13:07:17 [Note] Plugin 'FEDERATED' is disabled.
190418 13:07:17 InnoDB: The InnoDB memory heap is disabled
190418 13:07:17 InnoDB: Mutexes and rw_locks use Windows interlocked functions
190418 13:07:17 InnoDB: Compressed tables use zlib 1.2.3
190418 13:07:17 InnoDB: Initializing buffer pool, size = 128.0M
190418 13:07:17 InnoDB: Completed initialization of buffer pool
InnoDB: The first specified data file C:\Users\Jeremiah\Desktop\server\USBWebserver v8.5\8.5\mysql\data\ibdata1 did not exist:
InnoDB: a new database to be created!
190418 13:07:17  InnoDB: Setting file C:\Users\Jeremiah\Desktop\server\USBWebserver v8.5\8.5\mysql\data\ibdata1 size to 10 MB
InnoDB: Database physically writes the file full: wait...
190418 13:07:18  InnoDB: Log file C:\Users\Jeremiah\Desktop\server\USBWebserver v8.5\8.5\mysql\data\ib_logfile0 did not exist: new to be created
InnoDB: Setting log file C:\Users\Jeremiah\Desktop\server\USBWebserver v8.5\8.5\mysql\data\ib_logfile0 size to 5 MB
InnoDB: Database physically writes the file full: wait...
190418 13:07:18  InnoDB: Log file C:\Users\Jeremiah\Desktop\server\USBWebserver v8.5\8.5\mysql\data\ib_logfile1 did not exist: new to be created
InnoDB: Setting log file C:\Users\Jeremiah\Desktop\server\USBWebserver v8.5\8.5\mysql\data\ib_logfile1 size to 5 MB
InnoDB: Database physically writes the file full: wait...
InnoDB: Doublewrite buffer not found: creating new
InnoDB: Doublewrite buffer created
InnoDB: 127 rollback segment(s) active.
InnoDB: Creating foreign key constraint system tables
InnoDB: Foreign key constraint system tables created
190418 13:07:20  InnoDB: Waiting for the background threads to start
190418 13:07:21 InnoDB: 1.1.8 started; log sequence number 0
190419 17:07:28 [Note] Plugin 'FEDERATED' is disabled.
190419 17:07:28 InnoDB: The InnoDB memory heap is disabled
190419 17:07:28 InnoDB: Mutexes and rw_locks use Windows interlocked functions
190419 17:07:28 InnoDB: Compressed tables use zlib 1.2.3
190419 17:07:28 InnoDB: Initializing buffer pool, size = 128.0M
190419 17:07:28 InnoDB: Completed initialization of buffer pool
190419 17:07:28 InnoDB: highest supported file format is Barracuda.
InnoDB: The log sequence number in ibdata files does not match
InnoDB: the log sequence number in the ib_logfiles!
190419 17:07:28  InnoDB: Database was not shut down normally!
InnoDB: Starting crash recovery.
InnoDB: Reading tablespace information from the .ibd files...
InnoDB: Restoring possible half-written data pages from the doublewrite
InnoDB: buffer...
190419 17:07:31  InnoDB: Waiting for the background threads to start
190419 17:07:32 InnoDB: 1.1.8 started; log sequence number 1751128
190423 14:52:21 [Note] Plugin 'FEDERATED' is disabled.
190423 14:52:21 InnoDB: The InnoDB memory heap is disabled
190423 14:52:21 InnoDB: Mutexes and rw_locks use Windows interlocked functions
190423 14:52:21 InnoDB: Compressed tables use zlib 1.2.3
190423 14:52:21 InnoDB: Initializing buffer pool, size = 128.0M
190423 14:52:21 InnoDB: Completed initialization of buffer pool
190423 14:52:21 InnoDB: highest supported file format is Barracuda.
InnoDB: The log sequence number in ibdata files does not match
InnoDB: the log sequence number in the ib_logfiles!
190423 14:52:21  InnoDB: Database was not shut down normally!
InnoDB: Starting crash recovery.
InnoDB: Reading tablespace information from the .ibd files...
InnoDB: Restoring possible half-written data pages from the doublewrite
InnoDB: buffer...
190423 14:52:23  InnoDB: Waiting for the background threads to start
190423 14:52:24 InnoDB: 1.1.8 started; log sequence number 1763646
